[19:38:14] [main/WARN]: Ambiguity between arguments [teleport, destination] and [teleport, targets] with inputs: [Player, 0123, @e, dd12be42-52a9-4a91-a8a1-11c01849e498]
[19:38:14] [main/WARN]: Ambiguity between arguments [teleport, location] and [teleport, destination] with inputs: [0.1 -0.5 .9, 0 0 0]
[19:38:14] [main/WARN]: Ambiguity between arguments [teleport, location] and [teleport, targets] with inputs: [0.1 -0.5 .9, 0 0 0]
[19:38:14] [main/WARN]: Ambiguity between arguments [teleport, targets] and [teleport, destination] with inputs: [Player, 0123, dd12be42-52a9-4a91-a8a1-11c01849e498]
[19:38:14] [main/WARN]: Ambiguity between arguments [teleport, targets, location] and [teleport, targets, destination] with inputs: [0.1 -0.5 .9, 0 0 0]
[19:38:14] [Server thread/INFO]: Starting minecraft server version 1.14.4
[19:38:14] [Server thread/INFO]: Loading properties
[19:38:14] [Server thread/INFO]: Default game type: SURVIVAL
[19:38:14] [Server thread/INFO]: Generating keypair
[19:38:15] [Server thread/INFO]: Starting Minecraft server on *:25565
[19:38:15] [Server thread/INFO]: Using default channel type
[19:38:16] [Server thread/WARN]: **** SERVER IS RUNNING IN OFFLINE/INSECURE MODE!
[19:38:16] [Server thread/WARN]: The server will make no attempt to authenticate usernames. Beware.
[19:38:16] [Server thread/WARN]: While this makes the game possible to play without internet access, it also opens up the ability for hackers to connect with any username they choose.
[19:38:16] [Server thread/WARN]: To change this, set "online-mode" to "true" in the server.properties file.
[19:38:16] [Server thread/INFO]: Preparing level "world"
[19:38:16] [Server thread/INFO]: Reloading ResourceManager: Default
[19:38:16] [Server thread/INFO]: Loaded 6 recipes
[19:38:17] [Server thread/INFO]: Loaded 811 advancements
[19:38:17] [Server thread/INFO]: Preparing start region for dimension minecraft:overworld
[19:38:18] [Server thread/INFO]: Preparing spawn area: 0%
[19:38:18] [Server thread/INFO]: Preparing spawn area: 0%
[19:38:18] [Server thread/INFO]: Preparing spawn area: 0%
[19:38:19] [Server thread/INFO]: Preparing spawn area: 0%
[19:38:21] [Server-Worker-2/INFO]: Preparing spawn area: 83%
[19:38:21] [Server-Worker-3/INFO]: Preparing spawn area: 83%
[19:38:21] [Server-Worker-1/INFO]: Preparing spawn area: 83%
[19:38:21] [Server-Worker-1/INFO]: Preparing spawn area: 83%
[19:38:21] [Server-Worker-5/INFO]: Preparing spawn area: 94%
[19:38:22] [Server-Worker-2/INFO]: Preparing spawn area: 95%
[19:38:22] [Server thread/INFO]: Preparing spawn area: 99%
[19:38:22] [Server thread/INFO]: Time elapsed: 5048 ms
[19:38:22] [Server thread/INFO]: Done (6.298s)! For help, type "help"
[20:32:38] [Server thread/INFO]: Spinbox101[/192.168.193.154:63488] logged in with entity id 253 at (-25.014929937179268, 87.0, 219.04270588793025)
[20:32:38] [Server thread/INFO]: Spinbox101 joined the game
[20:38:23] [Server thread/INFO]: Spinbox101 lost connection: Disconnected
[20:38:23] [Server thread/INFO]: Spinbox101 left the game
[20:49:18] [Server thread/INFO]: Spinbox101[/192.168.193.154:64843] logged in with entity id 1096 at (94.48353185383328, 65.76636799395752, 63.351659510851675)
[20:49:18] [Server thread/INFO]: Spinbox101 joined the game
[20:51:43] [Server thread/INFO]: Spinbox101 was slain by Spider
[20:53:44] [Server thread/INFO]: Lynat1k2701[/192.168.193.16:56771] logged in with entity id 1765 at (67.5, 69.0, 180.5)
[20:53:44] [Server thread/INFO]: Lynat1k2701 joined the game
[20:55:16] [Server thread/INFO]: Spinbox101 was blown up by Creeper
[20:58:25] [Server thread/WARN]: Can't keep up! Is the server overloaded? Running 2471ms or 49 ticks behind
[20:59:38] [Server thread/INFO]: Spinbox101 was shot by Skeleton
[21:02:32] [Server thread/INFO]: Lynat1k2701 hit the ground too hard whilst trying to escape Skeleton
[21:02:53] [Server thread/INFO]: Spinbox101 was slain by Spider
[21:08:28] [Server thread/INFO]: Spinbox101 was shot by Skeleton
[21:13:13] [Server thread/INFO]: Spinbox101 was slain by Zombie
[21:18:31] [Server thread/INFO]: Lynat1k2701 lost connection: Timed out
[21:18:31] [Server thread/INFO]: Lynat1k2701 left the game
[21:18:31] [Server thread/WARN]: handleDisconnection() called twice
[21:28:04] [Server thread/INFO]: Lynat1k2701[/192.168.193.16:61395] logged in with entity id 6483 at (87.30000001192093, 93.0, 249.40909481473952)
[21:28:04] [Server thread/INFO]: Lynat1k2701 joined the game
[21:29:42] [Server thread/INFO]: Spinbox101 was blown up by Creeper
[21:30:10] [Server thread/INFO]: Lynat1k2701 hit the ground too hard
[21:30:32] [Server thread/INFO]: Spinbox101 lost connection: Disconnected
[21:30:32] [Server thread/INFO]: Spinbox101 left the game
[21:31:56] [Server thread/INFO]: Spinbox101[/192.168.193.154:51284] logged in with entity id 6976 at (116.30000001192093, 70.0, 182.81555602118354)
[21:31:56] [Server thread/INFO]: Spinbox101 joined the game
[21:33:04] [Server thread/INFO]: Spinbox101 has made the advancement [Monster Hunter]
[21:34:50] [Server thread/INFO]: Lynat1k2701 was shot by Skeleton
[21:35:11] [Server thread/INFO]: Spinbox101 was poked to death by a sweet berry bush
[21:36:52] [Server thread/INFO]: * Spinbox101 dance
[21:37:00] [Server thread/INFO]: Spinbox101 lost connection: Disconnected
[21:37:00] [Server thread/INFO]: Spinbox101 left the game
[21:41:04] [Server thread/INFO]: Spinbox101[/192.168.193.154:52070] logged in with entity id 8262 at (209.2214302437131, 65.0, 222.99368465212052)
[21:41:04] [Server thread/INFO]: Spinbox101 joined the game
[21:44:17] [Server thread/INFO]: Volttower[/192.168.193.194:64949] logged in with entity id 9212 at (56.5, 69.0, 172.5)
[21:44:17] [Server thread/INFO]: Volttower joined the game
[21:47:10] [Server thread/INFO]: Volttower has made the advancement [Monster Hunter]
[21:47:18] [Server thread/INFO]: Spinbox101 was slain by Spider
[21:48:01] [Server thread/INFO]: Volttower has made the advancement [Stone Age]
[21:48:37] [Server thread/INFO]: Volttower has made the advancement [Getting an Upgrade]
[21:49:06] [Server thread/INFO]: Lynat1k2701 was blown up by Creeper
[21:49:19] [Server thread/WARN]: Fetching packet for removed entity atx['Air'/10831, l='world', x=-74.53, y=66.00, z=-29.44]
[21:49:28] [Server thread/INFO]: Spinbox101 was slain by Spider
[21:50:19] [Server thread/WARN]: Fetching packet for removed entity atx['Air'/11022, l='world', x=-67.53, y=66.00, z=-34.14]
[21:52:12] [Server thread/INFO]: Lynat1k2701 was slain by Enderman
[21:54:07] [Server thread/INFO]: Spinbox101 was blown up by Creeper
[21:59:42] [Server thread/INFO]: Lynat1k2701 fell from a high place
[22:08:04] [Server thread/INFO]: Lynat1k2701 has made the advancement [Stone Age]
[22:09:39] [Server thread/INFO]: Lynat1k2701 has made the advancement [Monster Hunter]
[22:10:22] [Server thread/INFO]: Spinbox101 has made the advancement [Stone Age]
[22:11:09] [Server thread/INFO]: Spinbox101 has made the advancement [Getting an Upgrade]
[22:11:30] [Server thread/INFO]: Lynat1k2701 has made the advancement [Getting an Upgrade]
[22:13:36] [Server thread/INFO]: Lynat1k2701 was slain by Spinbox101
[22:16:16] [Server thread/INFO]: Lynat1k2701 was shot by Skeleton
[22:17:31] [Server thread/INFO]: Spinbox101 was slain by Spider
[22:18:27] [Server thread/WARN]: Spinbox101 moved too quickly! -9.35281858105536,-1.0,3.8280152979641286
[22:18:27] [Server thread/WARN]: Lynat1k2701 moved too quickly! 7.7367909459744055,1.1661092609382138,-6.492503800858685
[22:18:27] [Server thread/WARN]: Can't keep up! Is the server overloaded? Running 2446ms or 48 ticks behind
[22:19:34] [Server thread/INFO]: Volttower has made the advancement [Take Aim]
[22:23:30] [Server thread/WARN]: Lynat1k2701 moved too quickly! 6.529158095952141,4.772220747959963,-6.000425945416929
[22:23:30] [Server thread/WARN]: Can't keep up! Is the server overloaded? Running 2491ms or 49 ticks behind
[22:24:37] [Server thread/INFO]: Volttower has made the advancement [Acquire Hardware]
[22:25:05] [Server thread/INFO]: Spinbox101 has made the advancement [Acquire Hardware]
[22:26:39] [Server thread/INFO]: Spinbox101 has made the advancement [Sweet Dreams]
[22:26:41] [Server thread/INFO]: Lynat1k2701 has made the advancement [Sweet Dreams]
[22:26:41] [Server thread/INFO]: Volttower has made the advancement [Sweet Dreams]
[22:27:21] [Server thread/INFO]: Volttower has made the advancement [Isn't It Iron Pick]
[22:27:39] [Server thread/INFO]: Spinbox101 has made the advancement [Isn't It Iron Pick]
[22:27:52] [Server thread/INFO]: Lynat1k2701 has made the advancement [Isn't It Iron Pick]
[22:32:06] [Server thread/INFO]: Lynat1k2701 has made the advancement [Acquire Hardware]
[22:43:29] [Server thread/INFO]: Lynat1k2701 has made the advancement [Not Today, Thank You]
[22:43:38] [Server thread/INFO]: Spinbox101 has made the advancement [Not Today, Thank You]
[22:46:13] [Server thread/INFO]: Volttower has made the advancement [Not Today, Thank You]
[22:51:37] [Server thread/INFO]: Volttower has made the advancement [Suit Up]
[22:51:41] [Server thread/INFO]: Lynat1k2701 has made the advancement [Suit Up]
[22:51:49] [Server thread/INFO]: Spinbox101 has made the advancement [Suit Up]
[23:14:26] [Server thread/INFO]: Spinbox101 lost connection: Disconnected
[23:14:26] [Server thread/INFO]: Spinbox101 left the game
[23:17:02] [Server thread/INFO]: Lynat1k2701 was shot by Skeleton
[23:17:44] [Server thread/INFO]: Unknown command
[23:17:44] [Server thread/INFO]: HELLO BOYS<--[HERE]
[23:17:49] [Server thread/INFO]: Lynat1k2701 lost connection: Disconnected
[23:17:49] [Server thread/INFO]: Lynat1k2701 left the game
[23:18:08] [Server thread/INFO]: Unknown command
[23:18:08] [Server thread/INFO]: is the game laggy<--[HERE]
[23:18:37] [Server thread/INFO]: /advancement (grant|revoke)
[23:18:37] [Server thread/INFO]: /ban <targets> [<reason>]
[23:18:37] [Server thread/INFO]: /ban-ip <target> [<reason>]
[23:18:37] [Server thread/INFO]: /banlist [ips|players]
[23:18:37] [Server thread/INFO]: /bossbar (add|get|list|remove|set)
[23:18:37] [Server thread/INFO]: /clear [<targets>]
[23:18:37] [Server thread/INFO]: /clone <begin> <end> <destination> [filtered|masked|replace]
[23:18:37] [Server thread/INFO]: /data (get|merge|modify|remove)
[23:18:37] [Server thread/INFO]: /datapack (disable|enable|list)
[23:18:37] [Server thread/INFO]: /debug (report|start|stop)
[23:18:37] [Server thread/INFO]: /defaultgamemode (adventure|creative|spectator|survival)
[23:18:37] [Server thread/INFO]: /deop <targets>
[23:18:37] [Server thread/INFO]: /difficulty [easy|hard|normal|peaceful]
[23:18:37] [Server thread/INFO]: /effect (clear|give)
[23:18:37] [Server thread/INFO]: /enchant <targets> <enchantment> [<level>]
[23:18:37] [Server thread/INFO]: /execute (align|anchored|as|at|facing|if|in|positioned|rotated|run|store|unless)
[23:18:37] [Server thread/INFO]: /experience (add|query|set)
[23:18:37] [Server thread/INFO]: /fill <from> <to> <block> [destroy|hollow|keep|outline|replace]
[23:18:37] [Server thread/INFO]: /forceload (add|query|remove)
[23:18:37] [Server thread/INFO]: /function <name>
[23:18:37] [Server thread/INFO]: /gamemode (adventure|creative|spectator|survival)
[23:18:37] [Server thread/INFO]: /gamerule (announceAdvancements|commandBlockOutput|disableElytraMovementCheck|disableRaids|doDaylightCycle|doEntityDrops|doFireTick|doLimitedCrafting|doMobLoot|doMobSpawning|doTileDrops|doWeatherCycle|keepInventory|logAdminCommands|maxCommandChainLength|maxEntityCramming|mobGriefing|naturalRegeneration|randomTickSpeed|reducedDebugInfo|sendCommandFeedback|showDeathMessages|spawnRadius|spectatorsGenerateChunks)
[23:18:37] [Server thread/INFO]: /give <targets> <item> [<count>]
[23:18:37] [Server thread/INFO]: /help [<command>]
[23:18:37] [Server thread/INFO]: /kick <targets> [<reason>]
[23:18:37] [Server thread/INFO]: /kill <targets>
[23:18:37] [Server thread/INFO]: /list [uuids]
[23:18:37] [Server thread/INFO]: /locate (Buried_Treasure|Desert_Pyramid|EndCity|Fortress|Igloo|Jungle_Pyramid|Mansion|Mineshaft|Monument|Ocean_Ruin|Pillager_Outpost|Shipwreck|Stronghold|Swamp_Hut|Village)
[23:18:37] [Server thread/INFO]: /loot (give|insert|replace|spawn)
[23:18:37] [Server thread/INFO]: /me <action>
[23:18:37] [Server thread/INFO]: /msg <targets> <message>
[23:18:37] [Server thread/INFO]: /op <targets>
[23:18:37] [Server thread/INFO]: /pardon <targets>
[23:18:37] [Server thread/INFO]: /pardon-ip <target>
[23:18:37] [Server thread/INFO]: /particle <name> [<pos>]
[23:18:37] [Server thread/INFO]: /playsound <sound> (ambient|block|hostile|master|music|neutral|player|record|voice|weather)
[23:18:37] [Server thread/INFO]: /recipe (give|take)
[23:18:37] [Server thread/INFO]: /reload
[23:18:37] [Server thread/INFO]: /replaceitem (block|entity)
[23:18:37] [Server thread/INFO]: /save-all [flush]
[23:18:37] [Server thread/INFO]: /save-off
[23:18:37] [Server thread/INFO]: /save-on
[23:18:37] [Server thread/INFO]: /say <message>
[23:18:37] [Server thread/INFO]: /schedule function <function> <time>
[23:18:37] [Server thread/INFO]: /scoreboard (objectives|players)
[23:18:37] [Server thread/INFO]: /seed
[23:18:37] [Server thread/INFO]: /setblock <pos> <block> [destroy|keep|replace]
[23:18:37] [Server thread/INFO]: /setidletimeout <minutes>
[23:18:37] [Server thread/INFO]: /setworldspawn [<pos>]
[23:18:37] [Server thread/INFO]: /spawnpoint [<targets>]
[23:18:37] [Server thread/INFO]: /spreadplayers <center> <spreadDistance> <maxRange> <respectTeams> <targets>
[23:18:37] [Server thread/INFO]: /stop
[23:18:37] [Server thread/INFO]: /stopsound <targets> [*|ambient|block|hostile|master|music|neutral|player|record|voice|weather]
[23:18:37] [Server thread/INFO]: /summon <entity> [<pos>]
[23:18:37] [Server thread/INFO]: /tag <targets> (add|list|remove)
[23:18:37] [Server thread/INFO]: /team (add|empty|join|leave|list|modify|remove)
[23:18:37] [Server thread/INFO]: /teammsg <message>
[23:18:37] [Server thread/INFO]: /teleport (<destination>|<location>|<targets>)
[23:18:37] [Server thread/INFO]: /tell -> msg
[23:18:37] [Server thread/INFO]: /tellraw <targets> <message>
[23:18:37] [Server thread/INFO]: /time (add|query|set)
[23:18:37] [Server thread/INFO]: /title <targets> (actionbar|clear|reset|subtitle|times|title)
[23:18:37] [Server thread/INFO]: /tm -> teammsg
[23:18:37] [Server thread/INFO]: /tp -> teleport
[23:18:37] [Server thread/INFO]: /trigger <objective> [add|set]
[23:18:37] [Server thread/INFO]: /w -> msg
[23:18:37] [Server thread/INFO]: /weather (clear|rain|thunder)
[23:18:37] [Server thread/INFO]: /whitelist (add|list|off|on|reload|remove)
[23:18:37] [Server thread/INFO]: /worldborder (add|center|damage|get|set|warning)
[23:18:37] [Server thread/INFO]: /xp -> experience
[23:19:00] [Server thread/INFO]: [Server] HELLO
[23:19:08] [Server thread/INFO]: [Server] IS THE GAME LAGGY
[23:19:15] [Server thread/INFO]: <Volttower> it's good
[23:19:24] [Server thread/INFO]: [Server] its fine?
[23:19:27] [Server thread/INFO]: <Volttower> yee
[23:19:33] [Server thread/INFO]: [Server] okay just making sure
[23:19:41] [Server thread/INFO]: [Server] is anyone still playing?
[23:20:00] [Server thread/INFO]: <Volttower> nick is
[23:20:08] [Server thread/INFO]: No player was found
[23:20:18] [Server thread/INFO]: [Server] are you next
[23:20:21] [Server thread/INFO]: [Server] nick*
[23:20:26] [Server thread/INFO]: [Server] idky i said next
[23:20:38] [Server thread/INFO]: <Volttower> yee
[23:20:44] [Server thread/INFO]: [Server] hello nick
[23:20:47] [Server thread/INFO]: Lynat1k2701[/192.168.193.16:59594] logged in with entity id 25740 at (363.444979644619, 80.0, -7.390200984798078)
[23:20:47] [Server thread/INFO]: Lynat1k2701 joined the game
[23:20:48] [Server thread/INFO]: <Volttower> ayy
[23:20:53] [Server thread/INFO]: [Server] yooo
[23:20:55] [Server thread/INFO]: [Server] that isaac?
[23:21:08] [Server thread/INFO]: <Lynat1k2701> nope
[23:21:14] [Server thread/INFO]: <Lynat1k2701> that's isaac
[23:21:20] [Server thread/INFO]: [Server] NANI
[23:21:24] [Server thread/INFO]: [Server] omae wa mou
[23:21:27] [Server thread/INFO]: [Server] shindeiru
[23:21:31] [Server thread/INFO]: [Server] /ban isaac
[23:21:44] [Server thread/INFO]: <Lynat1k2701> pls don't
[23:21:49] [Server thread/INFO]: [Server] do y'all need op?
[23:22:00] [Server thread/INFO]: Made Volttower a server operator
[23:22:05] [Server thread/INFO]: Incorrect argument for command
[23:22:05] [Server thread/INFO]: /op  Lyna1k2701<--[HERE]
[23:22:09] [Server thread/INFO]: <Volttower> what the
[23:22:09] [Server thread/INFO]: <Lynat1k2701> whats op
[23:22:13] [Server thread/INFO]: Made Lynat1k2701 a server operator
[23:22:17] [Server thread/INFO]: [Server] its just powers
[23:22:22] [Server thread/INFO]: [Server] so now you can use commands
[23:22:29] [Server thread/INFO]: [Server] use /help to check out commands i think
[23:22:36] [Server thread/INFO]: <Lynat1k2701> rain
[23:22:54] [Server thread/INFO]: <Lynat1k2701> t/help
[23:23:14] [Server thread/INFO]: [Server] i farted and it smells
[23:23:20] [Server thread/INFO]: [Server] i have regrets
[23:23:31] [Server thread/INFO]: Lynat1k2701 was shot by Skeleton
[23:23:39] [Server thread/INFO]: Lynat1k2701 fell out of the world
[23:23:39] [Server thread/INFO]: [Volttower: Killed Lynat1k2701]
[23:23:47] [Server thread/INFO]: <Volttower> holy
[23:23:49] [Server thread/INFO]: [Server] hey
[23:23:52] [Server thread/INFO]: <Lynat1k2701> yea
[23:23:53] [Server thread/INFO]: [Server] no abusing powers
[23:23:57] [Server thread/INFO]: <Lynat1k2701> i wanted him to
[23:24:06] [Server thread/INFO]: [Server] okay just making sure
[23:24:11] [Server thread/INFO]: <Volttower> that's op
[23:24:18] [Server thread/INFO]: Lynat1k2701 was shot by Skeleton
[23:24:21] [Server thread/INFO]: [Server] yessir B^)
[23:24:25] [Server thread/INFO]: [Server] should i deop
[23:24:30] [Server thread/INFO]: <Volttower> up to you
[23:24:33] [Server thread/INFO]: <Lynat1k2701> sure
[23:24:36] [Server thread/INFO]: [Server] you can also change gamemodes when opped
[23:24:42] [Server thread/INFO]: [Server] and that's cheating
[23:24:47] [Server thread/INFO]: <Lynat1k2701> so you're basically god?
[23:24:55] [Server thread/INFO]: [Server] p much
[23:24:57] [Server thread/INFO]: Lynat1k2701 was shot by Skeleton
[23:25:10] [Server thread/INFO]: <Lynat1k2701> save me kami
[23:25:26] [Server thread/INFO]: [Server] try this
[23:25:29] [Server thread/INFO]: [Server] /godmode
[23:25:31] [Server thread/INFO]: Lynat1k2701 was shot by Skeleton
[23:25:43] [Server thread/INFO]: [Server] it doesnt actually do anything
[23:25:47] [Server thread/INFO]: <Lynat1k2701> oh
[23:25:57] [Server thread/INFO]: <Lynat1k2701> feelsdeadman
[23:26:14] [Server thread/INFO]: Lynat1k2701 was shot by Skeleton
[23:26:37] [Server thread/INFO]: [Server] if you do creative mode you wont die
[23:26:41] [Server thread/INFO]: [Server] but that's cheating
[23:26:52] [Server thread/INFO]: <Lynat1k2701> yea we don't cheat here
[23:27:18] [Server thread/INFO]: <Lynat1k2701> can you teleport me to ender dragon
[23:27:29] [Server thread/INFO]: [Server] i dont think i can do something that specific
[23:27:35] [Server thread/INFO]: [Server] if you go to creative mode
[23:27:45] [Server thread/INFO]: [Server] there might be like an item that spawns the ender dragon
[23:27:51] [Server thread/INFO]: [Server] like an ender dragon egg
[23:28:16] [Server thread/INFO]: Volttower lost connection: Disconnected
[23:28:16] [Server thread/INFO]: Volttower left the game
[23:28:54] [Server thread/INFO]: [Server]  nick done?
[23:29:00] [Server thread/INFO]: <Lynat1k2701> so you can talk without being in g
[23:29:02] [Server thread/INFO]: <Lynat1k2701> yea
[23:29:28] [Server thread/INFO]: Lynat1k2701 lost connection: Disconnected
[23:29:28] [Server thread/INFO]: Lynat1k2701 left the game
[23:31:37] [Server thread/INFO]: Stopping server
[23:31:37] [Server thread/INFO]: Saving players
[23:31:37] [Server thread/INFO]: Saving worlds
[23:31:37] [Server thread/INFO]: Saving chunks for level 'world'/minecraft:the_end
[23:31:37] [Server thread/INFO]: ThreadedAnvilChunkStorage (DIM1): All chunks are saved
[23:31:37] [Server thread/INFO]: Saving chunks for level 'world'/minecraft:the_nether
[23:31:37] [Server thread/INFO]: ThreadedAnvilChunkStorage (DIM-1): All chunks are saved
[23:31:37] [Server thread/INFO]: Saving chunks for level 'world'/minecraft:overworld
[23:31:38] [Server thread/INFO]: ThreadedAnvilChunkStorage (world): All chunks are saved
[23:31:38] [Server thread/INFO]: ThreadedAnvilChunkStorage (DIM1): All chunks are saved
[23:31:38] [Server thread/INFO]: ThreadedAnvilChunkStorage (DIM-1): All chunks are saved
[23:31:38] [Server thread/INFO]: ThreadedAnvilChunkStorage (world): All chunks are saved
